2020-05-23 13:12:43,043 Using selector: SelectSelector
2020-05-23 13:12:43,216 Connecting to 149.154.167.51:443/TcpFull...
2020-05-23 13:12:43,216 Connection attempt 1...
2020-05-23 13:12:43,392 Connection success!
2020-05-23 13:12:43,392 New auth_key attempt 1...
2020-05-23 13:12:44,364 auth_key generation success!
2020-05-23 13:12:44,364 Starting send loop
2020-05-23 13:12:44,364 Starting receive loop
2020-05-23 13:12:44,364 Connection to 149.154.167.51:443/TcpFull complete!
2020-05-23 13:12:44,395 Waiting for messages to send...
2020-05-23 13:12:44,395 Assigned msg_id = 6829918688591989792 to InvokeWithLayerRequest (2164ef9dcc8)
2020-05-23 13:12:44,395 Encrypting 1 message(s) in 72 bytes for sending
2020-05-23 13:12:44,396 Encrypted messages put in a queue to be sent
2020-05-23 13:12:44,396 Waiting for messages to send...
2020-05-23 13:12:44,396 Receiving items from the network...
2020-05-23 13:12:44,574 Handling bad salt for message 6829918688591989792
2020-05-23 13:12:44,574 1 message(s) will be resent
2020-05-23 13:12:44,574 Receiving items from the network...
2020-05-23 13:12:44,574 Assigned msg_id = 6829918689306580816 to InvokeWithLayerRequest (2164ef9dcc8)
2020-05-23 13:12:44,574 Encrypting 1 message(s) in 72 bytes for sending
2020-05-23 13:12:44,575 Encrypted messages put in a queue to be sent
2020-05-23 13:12:44,576 Waiting for messages to send...
2020-05-23 13:12:44,576 Assigned msg_id = 6829918689314585004 to MsgsAck (2164ef9ddc8)
2020-05-23 13:12:44,576 Encrypting 1 message(s) in 36 bytes for sending
2020-05-23 13:12:44,577 Encrypted messages put in a queue to be sent
2020-05-23 13:12:44,577 Waiting for messages to send...
2020-05-23 13:12:44,753 Handling container
2020-05-23 13:12:44,753 Handling new session created
2020-05-23 13:12:44,754 Handling acknowledge for [6829918689306580816]
2020-05-23 13:12:44,754 Receiving items from the network...
2020-05-23 13:12:44,766 Handling RPC result for message 6829918689306580816
2020-05-23 13:12:44,767 Receiving items from the network...
2020-05-23 13:12:44,767 Assigned msg_id = 6829918690079138076 to GetStateRequest (2164efb4808)
2020-05-23 13:12:44,767 Encrypting 1 message(s) in 20 bytes for sending
2020-05-23 13:12:44,768 Encrypted messages put in a queue to be sent
2020-05-23 13:12:44,768 Waiting for messages to send...
2020-05-23 13:12:44,768 Assigned msg_id = 6829918690083137784 to MsgsAck (2164ef9dd08)
2020-05-23 13:12:44,768 Encrypting 1 message(s) in 60 bytes for sending
2020-05-23 13:12:44,769 Encrypted messages put in a queue to be sent
2020-05-23 13:12:44,769 Waiting for messages to send...
2020-05-23 13:12:44,948 Handling RPC result for message 6829918690079138076
2020-05-23 13:12:44,948 Receiving items from the network...
2020-05-23 13:12:44,948 Assigned msg_id = 6829918690804524696 to MsgsAck (2164efb4308)
2020-05-23 13:12:44,948 Encrypting 1 message(s) in 36 bytes for sending
2020-05-23 13:12:44,949 Encrypted messages put in a queue to be sent
2020-05-23 13:12:44,949 Waiting for messages to send...
2020-05-23 13:12:44,949 Assigned msg_id = 6829918690808529172 to MsgsAck (2164ef9df88)
2020-05-23 13:12:44,949 Encrypting 1 message(s) in 36 bytes for sending
2020-05-23 13:12:44,950 Encrypted messages put in a queue to be sent
2020-05-23 13:12:44,950 Waiting for messages to send...
2020-05-23 13:12:44,951 Assigned msg_id = 6829918690816522872 to SendCodeRequest (2164efbdd48)
2020-05-23 13:12:44,951 Encrypting 1 message(s) in 84 bytes for sending
2020-05-23 13:12:44,952 Encrypted messages put in a queue to be sent
2020-05-23 13:12:44,952 Waiting for messages to send...
2020-05-23 13:12:45,142 Handling RPC result for message 6829918690816522872
2020-05-23 13:12:45,144 Receiving items from the network...
2020-05-23 13:12:45,144 Assigned msg_id = 6829918691881496348 to MsgsAck (2164efb4408)
2020-05-23 13:12:45,144 Encrypting 1 message(s) in 36 bytes for sending
2020-05-23 13:12:45,145 Encrypted messages put in a queue to be sent
2020-05-23 13:12:45,145 Waiting for messages to send...
2020-05-23 13:12:45,145 Assigned msg_id = 6829918691885497012 to MsgsAck (2164efbdb48)
2020-05-23 13:12:45,145 Encrypting 1 message(s) in 36 bytes for sending
2020-05-23 13:12:45,146 Phone migrated to 5
2020-05-23 13:12:45,146 Reconnecting to new data center 5
2020-05-23 13:12:45,146 Encrypted messages put in a queue to be sent
2020-05-23 13:12:45,146 Waiting for messages to send...
2020-05-23 13:12:45,147 Assigned msg_id = 6829918691893492616 to GetConfigRequest (2164efc8548)
2020-05-23 13:12:45,147 Encrypting 1 message(s) in 20 bytes for sending
2020-05-23 13:12:45,148 Encrypted messages put in a queue to be sent
2020-05-23 13:12:45,148 Waiting for messages to send...
2020-05-23 13:12:45,335 Handling RPC result for message 6829918691893492616
2020-05-23 13:12:45,335 Receiving items from the network...
2020-05-23 13:12:45,361 Disconnecting from 149.154.167.51:443/TcpFull...
2020-05-23 13:12:45,361 Closing current connection...
2020-05-23 13:12:45,362 Cancelling 0 pending message(s)...
2020-05-23 13:12:45,362 Disconnection from 149.154.167.51:443/TcpFull complete!
2020-05-23 13:12:45,362 Connecting to 91.108.56.147:443/TcpFull...
2020-05-23 13:12:45,362 Connection attempt 1...
2020-05-23 13:12:45,383 Connection success!
2020-05-23 13:12:45,383 New auth_key attempt 1...
2020-05-23 13:12:46,293 auth_key generation success!
2020-05-23 13:12:46,293 Starting send loop
2020-05-23 13:12:46,293 Starting receive loop
2020-05-23 13:12:46,293 Connection to 91.108.56.147:443/TcpFull complete!
2020-05-23 13:12:46,321 Waiting for messages to send...
2020-05-23 13:12:46,321 Assigned msg_id = 6829918696886176624 to InvokeWithLayerRequest (2164efbd588)
2020-05-23 13:12:46,321 Assigned msg_id = 6829918696886176628 to MsgsAck (2164efc8dc8)
2020-05-23 13:12:46,321 Encrypting 2 message(s) in 132 bytes for sending
2020-05-23 13:12:46,323 Encrypted messages put in a queue to be sent
2020-05-23 13:12:46,323 Waiting for messages to send...
2020-05-23 13:12:46,323 Receiving items from the network...
2020-05-23 13:12:46,353 Handling bad salt for message 6829918696886176632
2020-05-23 13:12:46,353 1 message(s) will be resent
2020-05-23 13:12:46,353 Receiving items from the network...
2020-05-23 13:12:46,353 Assigned msg_id = 6829918697013632336 to InvokeWithLayerRequest (2164efbd588)
2020-05-23 13:12:46,354 Encrypting 1 message(s) in 72 bytes for sending
2020-05-23 13:12:46,355 Encrypted messages put in a queue to be sent
2020-05-23 13:12:46,355 Waiting for messages to send...
2020-05-23 13:12:46,355 Assigned msg_id = 6829918697021623176 to MsgsAck (2164ef9d208)
2020-05-23 13:12:46,355 Encrypting 1 message(s) in 36 bytes for sending
2020-05-23 13:12:46,356 Encrypted messages put in a queue to be sent
2020-05-23 13:12:46,356 Waiting for messages to send...
2020-05-23 13:12:46,378 Handling container
2020-05-23 13:12:46,378 Handling new session created
2020-05-23 13:12:46,378 Handling acknowledge for [6829918697013632336]
2020-05-23 13:12:46,378 Receiving items from the network...
2020-05-23 13:12:46,396 Handling RPC result for message 6829918697013632336
2020-05-23 13:12:46,396 Receiving items from the network...
2020-05-23 13:12:46,396 Assigned msg_id = 6829918697186704200 to SendCodeRequest (2164efbdd48)
2020-05-23 13:12:46,397 Encrypting 1 message(s) in 84 bytes for sending
2020-05-23 13:12:46,398 Encrypted messages put in a queue to be sent
2020-05-23 13:12:46,398 Waiting for messages to send...
2020-05-23 13:12:46,398 Assigned msg_id = 6829918697194770376 to MsgsAck (2164efc84c8)
2020-05-23 13:12:46,398 Encrypting 1 message(s) in 60 bytes for sending
2020-05-23 13:12:46,400 Encrypted messages put in a queue to be sent
2020-05-23 13:12:46,400 Waiting for messages to send...
2020-05-23 13:12:46,455 Handling RPC result for message 6829918697186704200
2020-05-23 13:12:46,455 Receiving items from the network...
2020-05-23 13:12:53,480 Assigned msg_id = 6829918727586529668 to GetUsersRequest (2164ef8e948)
2020-05-23 13:12:53,481 Encrypting 1 message(s) in 32 bytes for sending
2020-05-23 13:12:53,481 Encrypted messages put in a queue to be sent
2020-05-23 13:12:53,482 Waiting for messages to send...
2020-05-23 13:12:53,482 Assigned msg_id = 6829918727594536716 to MsgsAck (2164efc8608)
2020-05-23 13:12:53,482 Encrypting 1 message(s) in 36 bytes for sending
2020-05-23 13:12:53,483 Encrypted messages put in a queue to be sent
2020-05-23 13:12:53,483 Waiting for messages to send...
2020-05-23 13:12:53,513 Handling RPC result for message 6829918727586529668
2020-05-23 13:12:53,514 Receiving items from the network...
2020-05-23 13:12:53,514 Assigned msg_id = 6829918727722425396 to MsgsAck (2164efbd448)
2020-05-23 13:12:53,514 Encrypting 1 message(s) in 36 bytes for sending
2020-05-23 13:12:53,515 Encrypted messages put in a queue to be sent
2020-05-23 13:12:53,515 Waiting for messages to send...
2020-05-23 13:12:53,515 Assigned msg_id = 6829918727726425108 to MsgsAck (2164efbdb88)
2020-05-23 13:12:53,515 Encrypting 1 message(s) in 36 bytes for sending
2020-05-23 13:12:53,517 Encrypted messages put in a queue to be sent
2020-05-23 13:12:53,517 Waiting for messages to send...
2020-05-23 13:12:53,517 Assigned msg_id = 6829918727734422620 to SignInRequest (2164efb4288)
2020-05-23 13:12:53,517 Encrypting 1 message(s) in 64 bytes for sending
2020-05-23 13:12:53,520 Encrypted messages put in a queue to be sent
2020-05-23 13:12:53,520 Waiting for messages to send...
2020-05-23 13:12:53,573 Handling RPC result for message 6829918727734422620
2020-05-23 13:12:53,573 Receiving items from the network...
2020-05-23 13:12:53,576 Assigned msg_id = 6829918727970804152 to GetDialogsRequest (2164efcb848)
2020-05-23 13:12:53,576 Encrypting 1 message(s) in 44 bytes for sending
2020-05-23 13:12:53,577 Encrypted messages put in a queue to be sent
2020-05-23 13:12:53,577 Waiting for messages to send...
2020-05-23 13:12:53,577 Assigned msg_id = 6829918727974785740 to MsgsAck (2164efb4108)
2020-05-23 13:12:53,577 Encrypting 1 message(s) in 36 bytes for sending
2020-05-23 13:12:53,578 Encrypted messages put in a queue to be sent
2020-05-23 13:12:53,578 Waiting for messages to send...
2020-05-23 13:12:53,983 Handling RPC result for message 6829918727970804152
2020-05-23 13:12:53,995 Receiving items from the network...
